app/build/intermediates/manifest_merge_blame_file/debug/manifest-merger-blame-debug-report.txt
1<?xml version="1.0" encoding="utf-8"?>
2<manifest xmlns:android="http://schemas.android.com/apk/res/android"
3    package="com.example.loginproject_helena"
4    android:versionCode="1"
5    android:versionName="1.0" >
6
7    <uses-sdk
8        android:minSdkVersion="21"
8-->src\main\AndroidManifest.xml
9        android:targetSdkVersion="30" />
9-->src\main\AndroidManifest.xml
10
11    <uses-permission android:name="android.permission.INTERNET" />
11-->src\main\AndroidManifest.xml:27:3-65
11-->src\main\AndroidManifest.xml:27:20-62
12
13    <application
13-->src\main\AndroidManifest.xml:6:3-25:17
14        android:name="com.example.loginproject_helena.BaseApplication"
14-->src\main\AndroidManifest.xml:7:5-36
15        android:allowBackup="true"
15-->src\main\AndroidManifest.xml:8:5-31
16        android:appComponentFactory="androidx.core.app.CoreComponentFactory"
16-->[androidx.core:core:1.5.0] AndroidManifest.xml:24:18-86
17        android:debuggable="true"
18        android:icon="@mipmap/ic_launcher"
18-->src\main\AndroidManifest.xml:9:5-39
19        android:label="@string/app_name"
19-->src\main\AndroidManifest.xml:10:5-37
20        android:roundIcon="@mipmap/ic_launcher_round"
20-->src\main\AndroidManifest.xml:11:5-50
21        android:supportsRtl="true"
21-->src\main\AndroidManifest.xml:12:5-31
22        android:testOnly="true"
23        android:theme="@style/Theme.LoginProject_helena" >
23-->src\main\AndroidManifest.xml:13:5-53
24        <activity android:name="com.example.loginproject_helena.activities.MainActivity" />
24-->src\main\AndroidManifest.xml:14:5-66
24-->src\main\AndroidManifest.xml:14:15-54
25        <activity android:name="com.example.loginproject_helena.activities.SplashActivity" >
25-->src\main\AndroidManifest.xml:15:5-21:16
25-->src\main\AndroidManifest.xml:15:15-56
26            <intent-filter>
26-->src\main\AndroidManifest.xml:16:7-20:23
27                <action android:name="android.intent.action.MAIN" />
27-->src\main\AndroidManifest.xml:17:9-61
27-->src\main\AndroidManifest.xml:17:17-58
28
29                <category android:name="android.intent.category.LAUNCHER" />
29-->src\main\AndroidManifest.xml:19:9-69
29-->src\main\AndroidManifest.xml:19:19-66
30            </intent-filter>
31        </activity>
32        <activity android:name="com.example.loginproject_helena.activities.MainActivity" />
32-->src\main\AndroidManifest.xml:14:5-66
32-->src\main\AndroidManifest.xml:14:15-54
33        <activity android:name="com.example.loginproject_helena.LoginActivity" />
33-->src\main\AndroidManifest.xml:24:5-47
33-->src\main\AndroidManifest.xml:24:15-44
34
35        <service
35-->[androidx.room:room-runtime:2.3.0] AndroidManifest.xml:25:9-28:40
36            android:name="androidx.room.MultiInstanceInvalidationService"
36-->[androidx.room:room-runtime:2.3.0] AndroidManifest.xml:26:13-74
37            android:directBootAware="true"
37-->[androidx.room:room-runtime:2.3.0] AndroidManifest.xml:27:13-43
38            android:exported="false" />
38-->[androidx.room:room-runtime:2.3.0] AndroidManifest.xml:28:13-37
39    </application>
40
41</manifest>